<?xml version="1.0" encoding="utf-8"?><testsuites name="pytest tests"><testsuite name="pytest" errors="0" failures="0" skipped="0" tests="4" time="3.155" timestamp="2026-04-30T21:27:55.005848+00:00" hostname="agent-env-001f17d8-75f0-4fb3-9220-1a1d2aee4b83"><testcase classname="backend.tests.test_atl_backend" name="test_root_hello" time="0.291" /><testcase classname="backend.tests.test_atl_backend" name="test_minting_certificate_shape" time="0.165" /><testcase classname="backend.tests.test_atl_backend" name="test_system_state_increments" time="2.235" /><testcase classname="backend.tests.test_atl_backend" name="test_status_post_and_get" time="0.312" /></testsuite></testsuites>